<?xml version="1.0" encoding="UTF-8"?>
<testsuite name="lu.uni.e4l.platform.service.ExpressionEvaluatorTest" tests="6" skipped="0" failures="0" errors="0" timestamp="2025-12-06T19:30:14" hostname="Jabin" time="0.006">
  <properties/>
  <testcase name="tokenize" classname="lu.uni.e4l.platform.service.ExpressionEvaluatorTest" time="0.002"/>
  <testcase name="toReverePolishNotation" classname="lu.uni.e4l.platform.service.ExpressionEvaluatorTest" time="0.001"/>
  <testcase name="replaceVariablesWithValues" classname="lu.uni.e4l.platform.service.ExpressionEvaluatorTest" time="0.001"/>
  <testcase name="invalidNumberOfFunctionArguments" classname="lu.uni.e4l.platform.service.ExpressionEvaluatorTest" time="0.0"/>
  <testcase name="evaluate" classname="lu.uni.e4l.platform.service.ExpressionEvaluatorTest" time="0.001"/>
  <testcase name="invalidParenthesis" classname="lu.uni.e4l.platform.service.ExpressionEvaluatorTest" time="0.0"/>
  <system-out><![CDATA[]]></system-out>
  <system-err><![CDATA[]]></system-err>
</testsuite>
