<?xml version="1.0" encoding="UTF-8"?>
<testsuite name="lu.uni.e4l.platform.model.VariableValueTest" tests="3" skipped="0" failures="0" errors="0" timestamp="2025-12-06T19:30:14" hostname="Jabin" time="0.0">
  <properties/>
  <testcase name="testVariableWithNegativeValue" classname="lu.uni.e4l.platform.model.VariableValueTest" time="0.0"/>
  <testcase name="testVariableWithZeroValue" classname="lu.uni.e4l.platform.model.VariableValueTest" time="0.0"/>
  <testcase name="testVariableValueCreation" classname="lu.uni.e4l.platform.model.VariableValueTest" time="0.0"/>
  <system-out><![CDATA[]]></system-out>
  <system-err><![CDATA[]]></system-err>
</testsuite>
