<?xml version="1.0" encoding="UTF-8"?>
<testsuite name="lu.uni.e4l.platform.model.QuestionnaireValidationTest" tests="3" skipped="0" failures="0" errors="0" timestamp="2025-12-31T18:14:32" hostname="Jabin" time="0.001">
  <properties/>
  <testcase name="testQuestionHasName" classname="lu.uni.e4l.platform.model.QuestionnaireValidationTest" time="0.0"/>
  <testcase name="testQuestionnaireCreation" classname="lu.uni.e4l.platform.model.QuestionnaireValidationTest" time="0.0"/>
  <testcase name="testPossibleAnswerHasFormula" classname="lu.uni.e4l.platform.model.QuestionnaireValidationTest" time="0.0"/>
  <system-out><![CDATA[]]></system-out>
  <system-err><![CDATA[]]></system-err>
</testsuite>
